<?xml version="1.0" encoding="UTF-8"?>
<!-- Generated by org.testng.reporters.JUnitReportReporter -->
<testsuite hostname="LAPTOP-CE7R4UV6" failures="0" tests="3" name="Package1.ContactTest" time="0.001" errors="0" timestamp="2025-03-05T12:17:14 IST" skipped="0">
  <testcase classname="Package1.ContactTest" name="modifycontacttest" time="0.001"/>
  <testcase classname="Package1.ContactTest" name="deletecontacttest" time="0.000"/>
  <testcase classname="Package1.ContactTest" name="createcontacttest" time="0.000"/>
</testsuite> <!-- Package1.ContactTest -->
