<?xml version="1.0" encoding="UTF-8"?>
<!-- Generated by org.testng.reporters.JUnitReportReporter -->
<testsuite hostname="LAPTOP-CE7R4UV6" failures="0" tests="2" name="Package2.OrgTest" time="0.004" errors="0" timestamp="2025-03-05T12:05:27 IST" skipped="0">
  <testcase classname="Package2.OrgTest" name="modifyOrgtest" time="0.003"/>
  <testcase classname="Package2.OrgTest" name="createOrgtest" time="0.001"/>
</testsuite> <!-- Package2.OrgTest -->
